<?xml version="1.0" encoding="UTF-8"?>
<testsuites>
	<testsuite tests="18" failures="0" time="0.000000" name="github.com/Ralphbaer/cloudwalk/quake-log-parser/usecase">
		<properties>
			<property name="go.version" value="go1.14.5 darwin/amd64"></property>
		</properties>
		<testcase classname="github.com/Ralphbaer/cloudwalk/quake-log-parser/usecase" name="TestGame_pushPlayer/PushPlayer1" time="0.000000"></testcase>
		<testcase classname="github.com/Ralphbaer/cloudwalk/quake-log-parser/usecase" name="TestGame_pushPlayer/PushPlayer2" time="0.000000"></testcase>
		<testcase classname="github.com/Ralphbaer/cloudwalk/quake-log-parser/usecase" name="TestGame_pushPlayer/PushPlayer3" time="0.000000"></testcase>
		<testcase classname="github.com/Ralphbaer/cloudwalk/quake-log-parser/usecase" name="TestGame_pushPlayer" time="0.000000"></testcase>
		<testcase classname="github.com/Ralphbaer/cloudwalk/quake-log-parser/usecase" name="TestGame_pushKill/PushKill1" time="0.000000"></testcase>
		<testcase classname="github.com/Ralphbaer/cloudwalk/quake-log-parser/usecase" name="TestGame_pushKill/PushKill2" time="0.000000"></testcase>
		<testcase classname="github.com/Ralphbaer/cloudwalk/quake-log-parser/usecase" name="TestGame_pushKill/PushKill3" time="0.000000"></testcase>
		<testcase classname="github.com/Ralphbaer/cloudwalk/quake-log-parser/usecase" name="TestGame_pushKill" time="0.000000"></testcase>
		<testcase classname="github.com/Ralphbaer/cloudwalk/quake-log-parser/usecase" name="TestGame_pushDeathCause/PushDeathCause1" time="0.000000"></testcase>
		<testcase classname="github.com/Ralphbaer/cloudwalk/quake-log-parser/usecase" name="TestGame_pushDeathCause/PushDeathCause2" time="0.000000"></testcase>
		<testcase classname="github.com/Ralphbaer/cloudwalk/quake-log-parser/usecase" name="TestGame_pushDeathCause/PushDeathCause3" time="0.000000"></testcase>
		<testcase classname="github.com/Ralphbaer/cloudwalk/quake-log-parser/usecase" name="TestGame_pushDeathCause" time="0.000000"></testcase>
		<testcase classname="github.com/Ralphbaer/cloudwalk/quake-log-parser/usecase" name="TestGame_pullKill/PullKill1" time="0.000000"></testcase>
		<testcase classname="github.com/Ralphbaer/cloudwalk/quake-log-parser/usecase" name="TestGame_pullKill/PullKill2" time="0.000000"></testcase>
		<testcase classname="github.com/Ralphbaer/cloudwalk/quake-log-parser/usecase" name="TestGame_pullKill" time="0.000000"></testcase>
		<testcase classname="github.com/Ralphbaer/cloudwalk/quake-log-parser/usecase" name="TestQuakeLog_getGlobalRanking/GetGlobalRanking1" time="0.000000"></testcase>
		<testcase classname="github.com/Ralphbaer/cloudwalk/quake-log-parser/usecase" name="TestQuakeLog_getGlobalRanking" time="0.000000"></testcase>
		<testcase classname="github.com/Ralphbaer/cloudwalk/quake-log-parser/usecase" name="TestCartUseCase_GroupGamesInformation" time="0.000000"></testcase>
	</testsuite>
</testsuites>